2026-02-28 14:42:29.324928: Executing query: 
INSERT INTO TARGET.DIM_CATEGORY (CATEGORY_NAME)
SELECT DISTINCT CATEGORY
FROM STAGE.VW_CATEGORY;

2026-02-28 14:42:30.515467: Query Result: [(3,)]
2026-02-28 14:42:30.515961: Executing query: 
INSERT INTO TARGET.DIM_DATE (ORDER_DATE, YEAR, MONTH, DAY)
SELECT DISTINCT
    TO_DATE(ORDER_DATE, 'YYYY-MM-DD'),
    YEAR(TO_DATE(ORDER_DATE, 'YYYY-MM-DD')),
    MONTH(TO_DATE(ORDER_DATE, 'YYYY-MM-DD')),
    DAY(TO_DATE(ORDER_DATE, 'YYYY-MM-DD'))
FROM STAGE.VW_DATE;

2026-02-28 14:42:31.502161: ERROR: query error: 
INSERT INTO TARGET.DIM_DATE (ORDER_DATE, YEAR, MONTH, DAY)
SELECT DISTINCT
    TO_DATE(ORDER_DATE, 'YYYY-MM-DD'),
    YEAR(TO_DATE(ORDER_DATE, 'YYYY-MM-DD')),
    MONTH(TO_DATE(ORDER_DATE, 'YYYY-MM-DD')),
    DAY(TO_DATE(ORDER_DATE, 'YYYY-MM-DD'))
FROM STAGE.VW_DATE;

2026-02-28 14:42:31.502467: ERROR: Error: 100097 (22007): Can't parse '12/27/2025' as date with format 'YYYY-MM-DD'
