2026-02-28 15:06:45.625847: Executing query: 
MERGE INTO TARGET.DIM_CUSTOMER AS TGT
USING (
    SELECT * FROM STAGE.STG_D_CUSTOMER
) AS SRC
ON TGT.CUSTOMER_ID = SRC.CUSTOMER_ID
WHEN MATCHED THEN
    UPDATE SET
        CUSTOMER_NAME = SRC.CUSTOMER_NAME,
        SEGMENT = SRC.SEGMENT
WHEN NOT MATCHED THEN
    INSERT (CUSTOMER_ID, CUSTOMER_NAME, SEGMENT)
    VALUES (SRC.CUSTOMER_ID, SRC.CUSTOMER_NAME, SRC.SEGMENT);

2026-02-28 15:06:46.733076: Query Result: [(2000, 0)]
2026-02-28 15:06:46.733913: Executing query: 
MERGE INTO TARGET.DIM_PRODUCT AS TGT
USING (
    SELECT * FROM STAGE.STG_D_PRODUCT
) AS SRC
ON TGT.PRODUCT_ID = SRC.PRODUCT_ID
WHEN MATCHED THEN
    UPDATE SET
        PRODUCT_NAME = SRC.PRODUCT_NAME,
        CATEGORY = SRC.CATEGORY,
        SUB_CATEGORY = SRC.SUB_CATEGORY
WHEN NOT MATCHED THEN
    INSERT (PRODUCT_ID, PRODUCT_NAME, CATEGORY, SUB_CATEGORY)
    VALUES (SRC.PRODUCT_ID, SRC.PRODUCT_NAME, SRC.CATEGORY, SRC.SUB_CATEGORY);

2026-02-28 15:06:47.132479: ERROR: query error: 
MERGE INTO TARGET.DIM_PRODUCT AS TGT
USING (
    SELECT * FROM STAGE.STG_D_PRODUCT
) AS SRC
ON TGT.PRODUCT_ID = SRC.PRODUCT_ID
WHEN MATCHED THEN
    UPDATE SET
        PRODUCT_NAME = SRC.PRODUCT_NAME,
        CATEGORY = SRC.CATEGORY,
        SUB_CATEGORY = SRC.SUB_CATEGORY
WHEN NOT MATCHED THEN
    INSERT (PRODUCT_ID, PRODUCT_NAME, CATEGORY, SUB_CATEGORY)
    VALUES (SRC.PRODUCT_ID, SRC.PRODUCT_NAME, SRC.CATEGORY, SRC.SUB_CATEGORY);

2026-02-28 15:06:47.132563: ERROR: Error: 000904 (42000): SQL compilation error: error line 12 at position 38
invalid identifier 'CATEGORY'
2026-02-28 15:06:47.134649: Executing query: 
MERGE INTO TARGET.DIM_LOCATION AS TGT
USING (
    SELECT * FROM STAGE.STG_D_LOCATION
) AS SRC
ON TGT.POSTAL_CODE = SRC.POSTAL_CODE
WHEN MATCHED THEN
    UPDATE SET
        COUNTRY = SRC.COUNTRY,
        REGION = SRC.REGION,
        STATE = SRC.STATE,
        CITY = SRC.CITY
WHEN NOT MATCHED THEN
    INSERT (COUNTRY, REGION, STATE, CITY, POSTAL_CODE)
    VALUES (SRC.COUNTRY, SRC.REGION, SRC.STATE, SRC.CITY, SRC.POSTAL_CODE);

2026-02-28 15:06:48.506843: Query Result: [(25, 0)]
2026-02-28 15:06:48.507519: Executing query: 
MERGE INTO TARGET.DIM_SHIP_MODE AS TGT
USING (
    SELECT * FROM STAGE.STG_D_SHIP_MODE
) AS SRC
ON TGT.SHIP_MODE = SRC.SHIP_MODE
WHEN NOT MATCHED THEN
    INSERT (SHIP_MODE)
    VALUES (SRC.SHIP_MODE);

2026-02-28 15:06:49.474864: Query Result: [(4,)]
