2026-02-28 14:46:24.211288: Executing query: 
INSERT INTO TARGET.DIM_CATEGORY (CATEGORY_NAME)
SELECT DISTINCT CATEGORY
FROM STAGE.VW_CATEGORY;

2026-02-28 14:46:25.167851: Query Result: [(3,)]
2026-02-28 14:46:25.168319: Executing query: 
INSERT INTO TARGET.DIM_DATE (ORDER_DATE, YEAR, MONTH, DAY)
SELECT DISTINCT
    TO_DATE(ORDER_DATE, 'YYYY-MM-DD'),
    YEAR(TO_DATE(ORDER_DATE, 'YYYY-MM-DD')),
    MONTH(TO_DATE(ORDER_DATE, 'YYYY-MM-DD')),
    DAY(TO_DATE(ORDER_DATE, 'YYYY-MM-DD'))
FROM STAGE.VW_DATE;

2026-02-28 14:46:26.218503: ERROR: query error: 
INSERT INTO TARGET.DIM_DATE (ORDER_DATE, YEAR, MONTH, DAY)
SELECT DISTINCT
    TO_DATE(ORDER_DATE, 'YYYY-MM-DD'),
    YEAR(TO_DATE(ORDER_DATE, 'YYYY-MM-DD')),
    MONTH(TO_DATE(ORDER_DATE, 'YYYY-MM-DD')),
    DAY(TO_DATE(ORDER_DATE, 'YYYY-MM-DD'))
FROM STAGE.VW_DATE;

2026-02-28 14:46:26.218855: ERROR: Error: 100097 (22007): Can't parse '12/27/2025' as date with format 'YYYY-MM-DD'
