2026-02-28 16:57:38.203284: Executing query: 
MERGE INTO TARGET.TGT_F_SALES AS TGT
USING TEMP.TMP_F_SALES AS TMP
ON TGT.ORDER_ID = TMP.ORDER_ID
WHEN MATCHED THEN
    UPDATE SET 
        TGT.CUSTOMER_KEY = TMP.CUSTOMER_KEY,
        TGT.PRODUCT_KEY = TMP.PRODUCT_KEY,
        TGT.LOCATION_KEY = TMP.LOCATION_KEY,
        TGT.ORDER_DATE_KEY = TMP.ORDER_DATE_KEY,
        TGT.SHIP_DATE_KEY = TMP.SHIP_DATE_KEY,
        TGT.SHIP_MODE_KEY = TMP.SHIP_MODE_KEY,
        TGT.QUANTITY = TMP.QUANTITY,
        TGT.DISCOUNT = TMP.DISCOUNT,
        TGT.REVENUE = TMP.REVENUE,
        TGT.PROFIT = TMP.PROFIT,
        TGT.COST = TMP.COST
WHEN NOT MATCHED THEN
    INSERT (ORDER_ID, CUSTOMER_KEY, PRODUCT_KEY, LOCATION_KEY, ORDER_DATE_KEY,
            SHIP_DATE_KEY, SHIP_MODE_KEY, QUANTITY, DISCOUNT, REVENUE, PROFIT, COST)
    VALUES (TMP.ORDER_ID, TMP.CUSTOMER_KEY, TMP.PRODUCT_KEY, TMP.LOCATION_KEY, TMP.ORDER_DATE_KEY,
            TMP.SHIP_DATE_KEY, TMP.SHIP_MODE_KEY, TMP.QUANTITY, TMP.DISCOUNT, TMP.REVENUE, TMP.PROFIT, TMP.COST);

2026-02-28 16:57:39.466865: ERROR: query error: 
MERGE INTO TARGET.TGT_F_SALES AS TGT
USING TEMP.TMP_F_SALES AS TMP
ON TGT.ORDER_ID = TMP.ORDER_ID
WHEN MATCHED THEN
    UPDATE SET 
        TGT.CUSTOMER_KEY = TMP.CUSTOMER_KEY,
        TGT.PRODUCT_KEY = TMP.PRODUCT_KEY,
        TGT.LOCATION_KEY = TMP.LOCATION_KEY,
        TGT.ORDER_DATE_KEY = TMP.ORDER_DATE_KEY,
        TGT.SHIP_DATE_KEY = TMP.SHIP_DATE_KEY,
        TGT.SHIP_MODE_KEY = TMP.SHIP_MODE_KEY,
        TGT.QUANTITY = TMP.QUANTITY,
        TGT.DISCOUNT = TMP.DISCOUNT,
        TGT.REVENUE = TMP.REVENUE,
        TGT.PROFIT = TMP.PROFIT,
        TGT.COST = TMP.COST
WHEN NOT MATCHED THEN
    INSERT (ORDER_ID, CUSTOMER_KEY, PRODUCT_KEY, LOCATION_KEY, ORDER_DATE_KEY,
            SHIP_DATE_KEY, SHIP_MODE_KEY, QUANTITY, DISCOUNT, REVENUE, PROFIT, COST)
    VALUES (TMP.ORDER_ID, TMP.CUSTOMER_KEY, TMP.PRODUCT_KEY, TMP.LOCATION_KEY, TMP.ORDER_DATE_KEY,
            TMP.SHIP_DATE_KEY, TMP.SHIP_MODE_KEY, TMP.QUANTITY, TMP.DISCOUNT, TMP.REVENUE, TMP.PROFIT, TMP.COST);

2026-02-28 16:57:39.466938: ERROR: Error: 100090 (42P18): Duplicate row detected during DML action
Row Values: ["ORD-EE89289B", 181, 30, 20, 20240917, 20240920, 3, 4, 0, 3944.83, 428.35, 3516.48]
