2026-02-28 15:06:17.504405: Executing query: 
CREATE OR REPLACE TABLE TARGET.DIM_CATEGORY (
    CATEGORY_SK NUMBER AUTOINCREMENT PRIMARY KEY,
    CATEGORY_NAME VARCHAR
);

2026-02-28 15:06:18.067836: Query Result: [('Table DIM_CATEGORY successfully created.',)]
2026-02-28 15:06:18.068162: Executing query: 
CREATE OR REPLACE TABLE TARGET.DIM_CUSTOMER (
    CUSTOMER_SK NUMBER AUTOINCREMENT PRIMARY KEY,
    CUSTOMER_ID VARCHAR,
    CUSTOMER_NAME VARCHAR,
    SEGMENT VARCHAR,
    REGION VARCHAR,
    START_DATE DATE,
    END_DATE DATE,
    IS_CURRENT BOOLEAN
);

2026-02-28 15:06:18.809258: Query Result: [('Table DIM_CUSTOMER successfully created.',)]
2026-02-28 15:06:18.809543: Executing query: 
CREATE OR REPLACE TABLE TARGET.DIM_PRODUCT (
    PRODUCT_SK NUMBER AUTOINCREMENT PRIMARY KEY,
    PRODUCT_ID VARCHAR,
    PRODUCT_NAME VARCHAR,
    CATEGORY_SK NUMBER,
    START_DATE DATE,
    END_DATE DATE,
    IS_CURRENT BOOLEAN
);

2026-02-28 15:06:19.528680: Query Result: [('Table DIM_PRODUCT successfully created.',)]
2026-02-28 15:06:19.528838: Executing query: 
CREATE OR REPLACE TABLE TARGET.DIM_LOCATION (
    LOCATION_SK NUMBER AUTOINCREMENT PRIMARY KEY,
    COUNTRY VARCHAR,
    REGION VARCHAR,
    STATE VARCHAR,
    CITY VARCHAR,
    POSTAL_CODE VARCHAR
);

2026-02-28 15:06:20.303780: Query Result: [('Table DIM_LOCATION successfully created.',)]
2026-02-28 15:06:20.303923: Executing query: 
CREATE OR REPLACE TABLE TARGET.DIM_SHIP_MODE (
    SHIP_MODE_SK NUMBER AUTOINCREMENT PRIMARY KEY,
    SHIP_MODE VARCHAR
);

2026-02-28 15:06:20.831496: Query Result: [('Table DIM_SHIP_MODE successfully created.',)]
2026-02-28 15:06:20.831660: Executing query: 
CREATE OR REPLACE TABLE TARGET.DIM_DATE (
    DATE_SK NUMBER AUTOINCREMENT PRIMARY KEY,
    ORDER_DATE DATE,
    YEAR NUMBER,
    MONTH NUMBER,
    DAY NUMBER
);

2026-02-28 15:06:21.421963: Query Result: [('Table DIM_DATE successfully created.',)]
2026-02-28 15:06:21.422027: Executing query: 
CREATE OR REPLACE TABLE TARGET.FACT_SALES (
    SALES_ID NUMBER AUTOINCREMENT PRIMARY KEY,
    CUSTOMER_SK NUMBER,
    PRODUCT_SK NUMBER,
    LOCATION_SK NUMBER,
    DATE_SK NUMBER,
    SHIP_MODE_SK NUMBER,
    SALES_AMOUNT NUMBER,
    QUANTITY NUMBER,
    DISCOUNT NUMBER,
    PROFIT NUMBER,
    COST NUMBER
);

2026-02-28 15:06:21.939543: Query Result: [('Table FACT_SALES successfully created.',)]
