2026-02-28 16:53:10.886850: Executing query: 
UPDATE TARGET.TGT_D_PRODUCT_SCD2 tgt
SET END_DATE = CURRENT_DATE - 1,
    CURRENT_FLAG = FALSE
FROM TEMP.TMP_D_PRODUCT tmp
WHERE tgt.PRODUCT_ID = tmp.PRODUCT_ID
  AND tgt.CURRENT_FLAG = TRUE
  AND (
      tgt.PRODUCT_NAME != tmp.PRODUCT_NAME OR
      tgt.CATEGORY != tmp.CATEGORY OR
      tgt.SUB_CATEGORY != tmp.SUB_CATEGORY
  );

2026-02-28 16:53:11.678229: Query Result: [(0, 0)]
2026-02-28 16:53:11.679757: Executing query: 
INSERT INTO TARGET.TGT_D_PRODUCT_SCD2 (PRODUCT_ID, PRODUCT_NAME, CATEGORY, SUB_CATEGORY)
SELECT tmp.PRODUCT_ID, tmp.PRODUCT_NAME, tmp.CATEGORY, tmp.SUB_CATEGORY
FROM TEMP.TMP_D_PRODUCT tmp
LEFT JOIN TARGET.TGT_D_PRODUCT_SCD2 tgt
    ON tmp.PRODUCT_ID = tgt.PRODUCT_ID AND tgt.CURRENT_FLAG = TRUE
WHERE tgt.PRODUCT_ID IS NULL
   OR tgt.PRODUCT_NAME != tmp.PRODUCT_NAME
   OR tgt.CATEGORY != tmp.CATEGORY
   OR tgt.SUB_CATEGORY != tmp.SUB_CATEGORY;

2026-02-28 16:53:12.799704: Query Result: [(36,)]
