2026-02-28 16:22:10.046832: Executing query: 
INSERT INTO TARGET.TGT_D_DATE (
    DATE_KEY,
    FULL_DATE,
    YEAR,
    QUARTER,
    MONTH,
    MONTH_NAME,
    WEEK,
    DAY,
    DAY_OF_WEEK,
    DAY_NAME,
    IS_WEEKEND
)
SELECT
    TO_NUMBER(TO_CHAR(d, 'YYYYMMDD')) AS DATE_KEY,
    d AS FULL_DATE,
    YEAR(d) AS YEAR,
    QUARTER(d) AS QUARTER,
    MONTH(d) AS MONTH,
    TO_CHAR(d, 'Mon') AS MONTH_NAME,
    WEEK(d) AS WEEK,
    DAY(d) AS DAY,
    DAYOFWEEK(d) AS DAY_OF_WEEK,
    TO_CHAR(d, 'Dy') AS DAY_NAME,
    IFF(DAYOFWEEK(d) IN (0, 6), TRUE, FALSE) AS IS_WEEKEND
FROM (
    SELECT ORDER_DATE AS d FROM TEMP.TMP_D_DATE
    UNION
    SELECT SHIP_DATE AS d FROM TEMP.TMP_D_DATE
)
GROUP BY d
ORDER BY d;

2026-02-28 16:22:10.886254: Query Result: [(1102,)]
