2026-02-28 16:25:21.056323: Executing query: 
INSERT INTO TEMP.TMP_F_SALES (
    ORDER_ID, CUSTOMER_KEY, PRODUCT_KEY, LOCATION_KEY, ORDER_DATE_KEY,
    SHIP_DATE_KEY, SHIP_MODE_KEY, QUANTITY, DISCOUNT, REVENUE, PROFIT, COST
)
SELECT
    f.ORDER_ID,
    c.CUSTOMER_KEY,
    p.PRODUCT_KEY,
    l.LOCATION_KEY,
    od.DATE_KEY AS ORDER_DATE_KEY,
    sd.DATE_KEY AS SHIP_DATE_KEY,
    s.SHIP_MODE_KEY,
    f.QUANTITY,
    f.DISCOUNT,
    f.REVENUE,
    f.PROFIT,
    f.COST
FROM STAGE.STG_F_SALES f
JOIN TARGET.TGT_D_CUSTOMER_SCD2 c 
    ON c.CUSTOMER_ID = f.CUSTOMER_ID AND c.CURRENT_FLAG = TRUE
JOIN TARGET.TGT_D_PRODUCT_SCD2 p 
    ON p.PRODUCT_ID = f.PRODUCT_ID AND p.CURRENT_FLAG = TRUE
JOIN TARGET.TGT_D_LOCATION l 
    ON TRIM(UPPER(l.COUNTRY)) = TRIM(UPPER(f.COUNTRY))
   AND TRIM(UPPER(l.STATE)) = TRIM(UPPER(f.STATE))
   AND TRIM(UPPER(l.CITY)) = TRIM(UPPER(f.CITY))
   AND TRIM(UPPER(l.POSTAL_CODE)) = TRIM(UPPER(f.POSTAL_CODE))
JOIN TARGET.TGT_D_DATE od 
    ON od.FULL_DATE = f.ORDER_DATE
JOIN TARGET.TGT_D_DATE sd 
    ON sd.FULL_DATE = f.SHIP_DATE
JOIN TARGET.TGT_D_SHIP_MODE s 
    ON s.SHIP_MODE = f.SHIP_MODE;

2026-02-28 16:25:23.302722: Query Result: [(150000,)]
